npm error code ERESOLVE
npm error ERESOLVE could not resolve
npm error
npm error While resolving: next-themes@0.3.0
npm error Found: react@19.1.0
npm error node_modules/react
npm error   peer react@">=16.8.0" from @floating-ui/react-dom@2.1.3
npm error   node_modules/@floating-ui/react-dom
npm error     @floating-ui/react-dom@"^2.0.0" from @radix-ui/react-popper@1.2.7
npm error     node_modules/@radix-ui/react-popper
npm error       @radix-ui/react-popper@"1.2.7" from @radix-ui/react-menu@2.1.15
npm error       node_modules/@radix-ui/react-menu
npm error         @radix-ui/react-menu@"2.1.15" from @radix-ui/react-dropdown-menu@2.1.15
npm error         node_modules/@radix-ui/react-dropdown-menu
npm error       3 more (@radix-ui/react-popover, @radix-ui/react-select, @radix-ui/react-tooltip)
npm error   peer react@"^18.0.0 || ^19.0.0" from @hello-pangea/dnd@18.0.1
npm error   node_modules/@hello-pangea/dnd
npm error     @hello-pangea/dnd@"^18.0.1" from the root project
npm error   85 more (@radix-ui/react-accordion, ...)
npm error
npm error Could not resolve dependency:
npm error peer react@"^16.8 || ^17 || ^18" from next-themes@0.3.0
npm error node_modules/next-themes
npm error   next-themes@"^0.3.0" from the root project
npm error
npm error Conflicting peer dependency: react@18.3.1
npm error node_modules/react
npm error   peer react@"^16.8 || ^17 || ^18" from next-themes@0.3.0
npm error   node_modules/next-themes
npm error     next-themes@"^0.3.0" from the root project
npm error
npm error Fix the upstream dependency conflict, or retry
npm error this command with --force or --legacy-peer-deps
npm error to accept an incorrect (and potentially broken) dependency resolution.
npm error
npm error
npm error For a full report see:
npm error /home/abhin/.npm/_logs/2025-07-27T13_53_51_628Z-eresolve-report.txt
npm error A complete log of this run can be found in: /home/abhin/.npm/_logs/2025-07-27T13_53_51_628Z-debug-0.log
